The target system is: Generic -  - arm
The host system is: Linux - 6.6.87.2-microsoft-standard-WSL2 - x86_64
Compiling the C compiler identification source file "CMakeCCompilerId.c" succeeded.
Compiler: /usr/bin/arm-none-eabi-gcc 
Build flags: -mcpu=cortex-m4;-mthumb;-mfpu=fpv4-sp-d16;-mfloat-abi=hard;--specs=nano.specs;--specs=nosys.specs
Id flags:  

The output was:
0


Compilation of the C compiler identification source "CMakeCCompilerId.c" produced "a.out"

The C compiler identification is GNU, found in "/workspace/OmniBoot/build/CMakeFiles/3.22.1/CompilerIdC/a.out"

Checking whether the ASM compiler is GNU using "--version" matched "(GNU assembler)|(GCC)|(Free Software Foundation)":
arm-none-eabi-gcc (15:10.3-2021.07-4) 10.3.1 20210621 (release)
Copyright (C) 2020 Free Software Foundation, Inc.
This is free software; see the source for copying conditions.  There is NO
warranty; not even for MERCHANTABILITY or FITNESS FOR A PARTICULAR PURPOSE.

Detecting C compiler ABI info compiled with the following output:
Change Dir: /workspace/OmniBoot/build/CMakeFiles/CMakeTmp

Run Build Command(s):/usr/bin/gmake -f Makefile cmTC_c33a2/fast && /usr/bin/gmake  -f CMakeFiles/cmTC_c33a2.dir/build.make CMakeFiles/cmTC_c33a2.dir/build
gmake[1]: Entering directory '/workspace/OmniBoot/build/CMakeFiles/CMakeTmp'
Building C object CMakeFiles/cmTC_c33a2.dir/CMakeCCompilerABI.c.obj
/usr/bin/arm-none-eabi-gcc   -mcpu=cortex-m4 -mthumb -mfpu=fpv4-sp-d16 -mfloat-abi=hard --specs=nano.specs --specs=nosys.specs    -v -o CMakeFiles/cmTC_c33a2.dir/CMakeCCompilerABI.c.obj -c /usr/share/cmake-3.22/Modules/CMakeCCompilerABI.c
Using built-in specs.
Reading specs from /usr/lib/gcc/arm-none-eabi/10.3.1/../../../arm-none-eabi/lib/nano.specs
rename spec link to nano_link
rename spec link_gcc_c_sequence to nano_link_gcc_c_sequence
rename spec cpp_unique_options to nano_cpp_unique_options
Reading specs from /usr/lib/gcc/arm-none-eabi/10.3.1/../../../arm-none-eabi/lib/nosys.specs
rename spec link_gcc_c_sequence to nosys_link_gcc_c_sequence
COLLECT_GCC=/usr/bin/arm-none-eabi-gcc
Target: arm-none-eabi
Configured with: ../configure --build=x86_64-linux-gnu --prefix=/usr --includedir='/usr/lib/include' --mandir='/usr/lib/share/man' --infodir='/usr/lib/share/info' --sysconfdir=/etc --localstatedir=/var --disable-option-checking --disable-silent-rules --libdir='/usr/lib/lib/x86_64-linux-gnu' --libexecdir='/usr/lib/lib/x86_64-linux-gnu' --disable-maintainer-mode --disable-dependency-tracking --mandir=/usr/share/man --enable-languages=c,c++,lto --enable-multilib --disable-decimal-float --disable-libffi --disable-libgomp --disable-libmudflap --disable-libquadmath --disable-libssp --disable-libstdcxx-pch --disable-nls --disable-shared --disable-threads --enable-tls --build=x86_64-linux-gnu --target=arm-none-eabi --with-system-zlib --with-gnu-as --with-gnu-ld --with-pkgversion=15:10.3-2021.07-4 --without-included-gettext --prefix=/usr/lib --infodir=/usr/share/doc/gcc-arm-none-eabi/info --htmldir=/usr/share/doc/gcc-arm-none-eabi/html --pdfdir=/usr/share/doc/gcc-arm-none-eabi/pdf --bindir=/usr/bin --libexecdir=/usr/lib --libdir=/usr/lib --disable-libstdc++-v3 --host=x86_64-linux-gnu --with-headers=no --without-newlib --with-multilib-list=rmprofile,aprofile CFLAGS='-g -O2 -ffile-prefix-map=/build/gcc-arm-none-eabi-hYfgK4/gcc-arm-none-eabi-10.3-2021.07=. -flto=auto -ffat-lto-objects -fstack-protector-strong' CPPFLAGS='-Wdate-time -D_FORTIFY_SOURCE=2' CXXFLAGS='-g -O2 -ffile-prefix-map=/build/gcc-arm-none-eabi-hYfgK4/gcc-arm-none-eabi-10.3-2021.07=. -flto=auto -ffat-lto-objects -fstack-protector-strong' DFLAGS=-frelease FCFLAGS='-g -O2 -ffile-prefix-map=/build/gcc-arm-none-eabi-hYfgK4/gcc-arm-none-eabi-10.3-2021.07=. -flto=auto -ffat-lto-objects -fstack-protector-strong' FFLAGS='-g -O2 -ffile-prefix-map=/build/gcc-arm-none-eabi-hYfgK4/gcc-arm-none-eabi-10.3-2021.07=. -flto=auto -ffat-lto-objects -fstack-protector-strong' GCJFLAGS='-g -O2 -ffile-prefix-map=/build/gcc-arm-none-eabi-hYfgK4/gcc-arm-none-eabi-10.3-2021.07=. -fstack-protector-strong' LDFLAGS='-Wl,-Bsymbolic-functions -flto=auto -Wl,-z,relro' OBJCFLAGS='-g -O2 -ffile-prefix-map=/build/gcc-arm-none-eabi-hYfgK4/gcc-arm-none-eabi-10.3-2021.07=. -flto=auto -ffat-lto-objects -fstack-protector-strong' OBJCXXFLAGS='-g -O2 -ffile-prefix-map=/build/gcc-arm-none-eabi-hYfgK4/gcc-arm-none-eabi-10.3-2021.07=. -flto=auto -ffat-lto-objects -fstack-protector-strong' INHIBIT_LIBC_CFLAGS=-DUSE_TM_CLONE_REGISTRY=0 AR_FOR_TARGET=arm-none-eabi-ar AS_FOR_TARGET=arm-none-eabi-as LD_FOR_TARGET=arm-none-eabi-ld NM_FOR_TARGET=arm-none-eabi-nm OBJDUMP_FOR_TARGET=arm-none-eabi-objdump RANLIB_FOR_TARGET=arm-none-eabi-ranlib READELF_FOR_TARGET=arm-none-eabi-readelf STRIP_FOR_TARGET=arm-none-eabi-strip SED=/bin/sed SHELL=/bin/sh BASH=/bin/bash CONFIG_SHELL=/bin/bash
Thread model: single
Supported LTO compression algorithms: zlib
gcc version 10.3.1 20210621 (release) (15:10.3-2021.07-4) 
COLLECT_GCC_OPTIONS='-mcpu=cortex-m4' '-mthumb' '-mfpu=fpv4-sp-d16' '-mfloat-abi=hard' '-specs=nano.specs' '-specs=nosys.specs' '-v' '-o' 'CMakeFiles/cmTC_c33a2.dir/CMakeCCompilerABI.c.obj' '-c' '-mlibarch=armv7e-m+fp' '-march=armv7e-m+fp'
 /usr/lib/gcc/arm-none-eabi/10.3.1/cc1 -isystem /usr/include/newlib/nano -quiet -v -imultilib thumb/v7e-m+fp/hard -D__USES_INITFINI__ /usr/share/cmake-3.22/Modules/CMakeCCompilerABI.c -quiet -dumpbase CMakeCCompilerABI.c -mcpu=cortex-m4 -mthumb -mfpu=fpv4-sp-d16 -mfloat-abi=hard -mlibarch=armv7e-m+fp -march=armv7e-m+fp -auxbase-strip CMakeFiles/cmTC_c33a2.dir/CMakeCCompilerABI.c.obj -version -o /tmp/ccImaQuZ.s
GNU C17 (15:10.3-2021.07-4) version 10.3.1 20210621 (release) (arm-none-eabi)
	compiled by GNU C version 11.2.0, GMP version 6.2.1, MPFR version 4.1.0, MPC version 1.2.1, isl version isl-0.24-GMP

GGC heuristics: --param ggc-min-expand=100 --param ggc-min-heapsize=131072
ignoring nonexistent directory "/usr/lib/gcc/arm-none-eabi/10.3.1/../../../arm-none-eabi/sys-include"
#include "..." search starts here:
#include <...> search starts here:
 /usr/include/newlib/nano
 /usr/lib/gcc/arm-none-eabi/10.3.1/include
 /usr/lib/gcc/arm-none-eabi/10.3.1/include-fixed
 /usr/lib/gcc/arm-none-eabi/10.3.1/../../../arm-none-eabi/include
End of search list.
GNU C17 (15:10.3-2021.07-4) version 10.3.1 20210621 (release) (arm-none-eabi)
	compiled by GNU C version 11.2.0, GMP version 6.2.1, MPFR version 4.1.0, MPC version 1.2.1, isl version isl-0.24-GMP

GGC heuristics: --param ggc-min-expand=100 --param ggc-min-heapsize=131072
Compiler executable checksum: 4cf7574ae54eb0935abb4a8c56f8bcfe
COLLECT_GCC_OPTIONS='-mcpu=cortex-m4' '-mthumb' '-mfpu=fpv4-sp-d16' '-mfloat-abi=hard' '-specs=nano.specs' '-specs=nosys.specs' '-v' '-o' 'CMakeFiles/cmTC_c33a2.dir/CMakeCCompilerABI.c.obj' '-c' '-mlibarch=armv7e-m+fp' '-march=armv7e-m+fp'
 /usr/lib/gcc/arm-none-eabi/10.3.1/../../../arm-none-eabi/bin/as -v -march=armv7e-m -mfloat-abi=hard -mfpu=fpv4-sp-d16 -meabi=5 -o CMakeFiles/cmTC_c33a2.dir/CMakeCCompilerABI.c.obj /tmp/ccImaQuZ.s
GNU assembler version 2.38 (arm-none-eabi) using BFD version (2.38-3ubuntu1+15build1) 2.38
COMPILER_PATH=/usr/lib/gcc/arm-none-eabi/10.3.1/:/usr/lib/gcc/arm-none-eabi/10.3.1/:/usr/lib/gcc/arm-none-eabi/:/usr/lib/gcc/arm-none-eabi/10.3.1/:/usr/lib/gcc/arm-none-eabi/:/usr/lib/gcc/arm-none-eabi/10.3.1/../../../arm-none-eabi/bin/
LIBRARY_PATH=/usr/lib/gcc/arm-none-eabi/10.3.1/thumb/v7e-m+fp/hard/:/usr/lib/gcc/arm-none-eabi/10.3.1/../../../arm-none-eabi/lib/thumb/v7e-m+fp/hard/:/usr/lib/gcc/arm-none-eabi/10.3.1/:/usr/lib/gcc/arm-none-eabi/10.3.1/../../../arm-none-eabi/lib/
COLLECT_GCC_OPTIONS='-mcpu=cortex-m4' '-mthumb' '-mfpu=fpv4-sp-d16' '-mfloat-abi=hard' '-specs=nano.specs' '-specs=nosys.specs' '-v' '-o' 'CMakeFiles/cmTC_c33a2.dir/CMakeCCompilerABI.c.obj' '-c' '-mlibarch=armv7e-m+fp' '-march=armv7e-m+fp'
Linking C static library libcmTC_c33a2.a
/usr/bin/cmake -P CMakeFiles/cmTC_c33a2.dir/cmake_clean_target.cmake
/usr/bin/cmake -E cmake_link_script CMakeFiles/cmTC_c33a2.dir/link.txt --verbose=1
/usr/bin/arm-none-eabi-ar qc libcmTC_c33a2.a CMakeFiles/cmTC_c33a2.dir/CMakeCCompilerABI.c.obj
/usr/bin/arm-none-eabi-ranlib libcmTC_c33a2.a
gmake[1]: Leaving directory '/workspace/OmniBoot/build/CMakeFiles/CMakeTmp'



Parsed C implicit include dir info from above output: rv=done
  found start of include info
  found start of implicit include info
    add: [/usr/include/newlib/nano]
    add: [/usr/lib/gcc/arm-none-eabi/10.3.1/include]
    add: [/usr/lib/gcc/arm-none-eabi/10.3.1/include-fixed]
    add: [/usr/lib/gcc/arm-none-eabi/10.3.1/../../../arm-none-eabi/include]
  end of search list found
  collapse include dir [/usr/include/newlib/nano] ==> [/usr/include/newlib/nano]
  collapse include dir [/usr/lib/gcc/arm-none-eabi/10.3.1/include] ==> [/usr/lib/gcc/arm-none-eabi/10.3.1/include]
  collapse include dir [/usr/lib/gcc/arm-none-eabi/10.3.1/include-fixed] ==> [/usr/lib/gcc/arm-none-eabi/10.3.1/include-fixed]
  collapse include dir [/usr/lib/gcc/arm-none-eabi/10.3.1/../../../arm-none-eabi/include] ==> [/usr/lib/arm-none-eabi/include]
  implicit include dirs: [/usr/include/newlib/nano;/usr/lib/gcc/arm-none-eabi/10.3.1/include;/usr/lib/gcc/arm-none-eabi/10.3.1/include-fixed;/usr/lib/arm-none-eabi/include]


Parsed C implicit link information from above output:
  link line regex: [^( *|.*[/\])(arm-none-eabi-ld|CMAKE_LINK_STARTFILE-NOTFOUND|([^/\]+-)?ld|collect2)[^/\]*( |$)]
  ignore line: [Change Dir: /workspace/OmniBoot/build/CMakeFiles/CMakeTmp]
  ignore line: []
  ignore line: [Run Build Command(s):/usr/bin/gmake -f Makefile cmTC_c33a2/fast && /usr/bin/gmake  -f CMakeFiles/cmTC_c33a2.dir/build.make CMakeFiles/cmTC_c33a2.dir/build]
  ignore line: [gmake[1]: Entering directory '/workspace/OmniBoot/build/CMakeFiles/CMakeTmp']
  ignore line: [Building C object CMakeFiles/cmTC_c33a2.dir/CMakeCCompilerABI.c.obj]
  ignore line: [/usr/bin/arm-none-eabi-gcc   -mcpu=cortex-m4 -mthumb -mfpu=fpv4-sp-d16 -mfloat-abi=hard --specs=nano.specs --specs=nosys.specs    -v -o CMakeFiles/cmTC_c33a2.dir/CMakeCCompilerABI.c.obj -c /usr/share/cmake-3.22/Modules/CMakeCCompilerABI.c]
  ignore line: [Using built-in specs.]
  ignore line: [Reading specs from /usr/lib/gcc/arm-none-eabi/10.3.1/../../../arm-none-eabi/lib/nano.specs]
  ignore line: [rename spec link to nano_link]
  ignore line: [rename spec link_gcc_c_sequence to nano_link_gcc_c_sequence]
  ignore line: [rename spec cpp_unique_options to nano_cpp_unique_options]
  ignore line: [Reading specs from /usr/lib/gcc/arm-none-eabi/10.3.1/../../../arm-none-eabi/lib/nosys.specs]
  ignore line: [rename spec link_gcc_c_sequence to nosys_link_gcc_c_sequence]
  ignore line: [COLLECT_GCC=/usr/bin/arm-none-eabi-gcc]
  ignore line: [Target: arm-none-eabi]
  ignore line: [Configured with: ../configure --build=x86_64-linux-gnu --prefix=/usr --includedir='/usr/lib/include' --mandir='/usr/lib/share/man' --infodir='/usr/lib/share/info' --sysconfdir=/etc --localstatedir=/var --disable-option-checking --disable-silent-rules --libdir='/usr/lib/lib/x86_64-linux-gnu' --libexecdir='/usr/lib/lib/x86_64-linux-gnu' --disable-maintainer-mode --disable-dependency-tracking --mandir=/usr/share/man --enable-languages=c,c++,lto --enable-multilib --disable-decimal-float --disable-libffi --disable-libgomp --disable-libmudflap --disable-libquadmath --disable-libssp --disable-libstdcxx-pch --disable-nls --disable-shared --disable-threads --enable-tls --build=x86_64-linux-gnu --target=arm-none-eabi --with-system-zlib --with-gnu-as --with-gnu-ld --with-pkgversion=15:10.3-2021.07-4 --without-included-gettext --prefix=/usr/lib --infodir=/usr/share/doc/gcc-arm-none-eabi/info --htmldir=/usr/share/doc/gcc-arm-none-eabi/html --pdfdir=/usr/share/doc/gcc-arm-none-eabi/pdf --bindir=/usr/bin --libexecdir=/usr/lib --libdir=/usr/lib --disable-libstdc++-v3 --host=x86_64-linux-gnu --with-headers=no --without-newlib --with-multilib-list=rmprofile,aprofile CFLAGS='-g -O2 -ffile-prefix-map=/build/gcc-arm-none-eabi-hYfgK4/gcc-arm-none-eabi-10.3-2021.07=. -flto=auto -ffat-lto-objects -fstack-protector-strong' CPPFLAGS='-Wdate-time -D_FORTIFY_SOURCE=2' CXXFLAGS='-g -O2 -ffile-prefix-map=/build/gcc-arm-none-eabi-hYfgK4/gcc-arm-none-eabi-10.3-2021.07=. -flto=auto -ffat-lto-objects -fstack-protector-strong' DFLAGS=-frelease FCFLAGS='-g -O2 -ffile-prefix-map=/build/gcc-arm-none-eabi-hYfgK4/gcc-arm-none-eabi-10.3-2021.07=. -flto=auto -ffat-lto-objects -fstack-protector-strong' FFLAGS='-g -O2 -ffile-prefix-map=/build/gcc-arm-none-eabi-hYfgK4/gcc-arm-none-eabi-10.3-2021.07=. -flto=auto -ffat-lto-objects -fstack-protector-strong' GCJFLAGS='-g -O2 -ffile-prefix-map=/build/gcc-arm-none-eabi-hYfgK4/gcc-arm-none-eabi-10.3-2021.07=. -fstack-protector-strong' LDFLAGS='-Wl,-Bsymbolic-functions -flto=auto -Wl,-z,relro' OBJCFLAGS='-g -O2 -ffile-prefix-map=/build/gcc-arm-none-eabi-hYfgK4/gcc-arm-none-eabi-10.3-2021.07=. -flto=auto -ffat-lto-objects -fstack-protector-strong' OBJCXXFLAGS='-g -O2 -ffile-prefix-map=/build/gcc-arm-none-eabi-hYfgK4/gcc-arm-none-eabi-10.3-2021.07=. -flto=auto -ffat-lto-objects -fstack-protector-strong' INHIBIT_LIBC_CFLAGS=-DUSE_TM_CLONE_REGISTRY=0 AR_FOR_TARGET=arm-none-eabi-ar AS_FOR_TARGET=arm-none-eabi-as LD_FOR_TARGET=arm-none-eabi-ld NM_FOR_TARGET=arm-none-eabi-nm OBJDUMP_FOR_TARGET=arm-none-eabi-objdump RANLIB_FOR_TARGET=arm-none-eabi-ranlib READELF_FOR_TARGET=arm-none-eabi-readelf STRIP_FOR_TARGET=arm-none-eabi-strip SED=/bin/sed SHELL=/bin/sh BASH=/bin/bash CONFIG_SHELL=/bin/bash]
  ignore line: [Thread model: single]
  ignore line: [Supported LTO compression algorithms: zlib]
  ignore line: [gcc version 10.3.1 20210621 (release) (15:10.3-2021.07-4) ]
  ignore line: [COLLECT_GCC_OPTIONS='-mcpu=cortex-m4' '-mthumb' '-mfpu=fpv4-sp-d16' '-mfloat-abi=hard' '-specs=nano.specs' '-specs=nosys.specs' '-v' '-o' 'CMakeFiles/cmTC_c33a2.dir/CMakeCCompilerABI.c.obj' '-c' '-mlibarch=armv7e-m+fp' '-march=armv7e-m+fp']
  ignore line: [ /usr/lib/gcc/arm-none-eabi/10.3.1/cc1 -isystem /usr/include/newlib/nano -quiet -v -imultilib thumb/v7e-m+fp/hard -D__USES_INITFINI__ /usr/share/cmake-3.22/Modules/CMakeCCompilerABI.c -quiet -dumpbase CMakeCCompilerABI.c -mcpu=cortex-m4 -mthumb -mfpu=fpv4-sp-d16 -mfloat-abi=hard -mlibarch=armv7e-m+fp -march=armv7e-m+fp -auxbase-strip CMakeFiles/cmTC_c33a2.dir/CMakeCCompilerABI.c.obj -version -o /tmp/ccImaQuZ.s]
  ignore line: [GNU C17 (15:10.3-2021.07-4) version 10.3.1 20210621 (release) (arm-none-eabi)]
  ignore line: [	compiled by GNU C version 11.2.0  GMP version 6.2.1  MPFR version 4.1.0  MPC version 1.2.1  isl version isl-0.24-GMP]
  ignore line: []
  ignore line: [GGC heuristics: --param ggc-min-expand=100 --param ggc-min-heapsize=131072]
  ignore line: [ignoring nonexistent directory "/usr/lib/gcc/arm-none-eabi/10.3.1/../../../arm-none-eabi/sys-include"]
  ignore line: [#include "..." search starts here:]
  ignore line: [#include <...> search starts here:]
  ignore line: [ /usr/include/newlib/nano]
  ignore line: [ /usr/lib/gcc/arm-none-eabi/10.3.1/include]
  ignore line: [ /usr/lib/gcc/arm-none-eabi/10.3.1/include-fixed]
  ignore line: [ /usr/lib/gcc/arm-none-eabi/10.3.1/../../../arm-none-eabi/include]
  ignore line: [End of search list.]
  ignore line: [GNU C17 (15:10.3-2021.07-4) version 10.3.1 20210621 (release) (arm-none-eabi)]
  ignore line: [	compiled by GNU C version 11.2.0  GMP version 6.2.1  MPFR version 4.1.0  MPC version 1.2.1  isl version isl-0.24-GMP]
  ignore line: []
  ignore line: [GGC heuristics: --param ggc-min-expand=100 --param ggc-min-heapsize=131072]
  ignore line: [Compiler executable checksum: 4cf7574ae54eb0935abb4a8c56f8bcfe]
  ignore line: [COLLECT_GCC_OPTIONS='-mcpu=cortex-m4' '-mthumb' '-mfpu=fpv4-sp-d16' '-mfloat-abi=hard' '-specs=nano.specs' '-specs=nosys.specs' '-v' '-o' 'CMakeFiles/cmTC_c33a2.dir/CMakeCCompilerABI.c.obj' '-c' '-mlibarch=armv7e-m+fp' '-march=armv7e-m+fp']
  ignore line: [ /usr/lib/gcc/arm-none-eabi/10.3.1/../../../arm-none-eabi/bin/as -v -march=armv7e-m -mfloat-abi=hard -mfpu=fpv4-sp-d16 -meabi=5 -o CMakeFiles/cmTC_c33a2.dir/CMakeCCompilerABI.c.obj /tmp/ccImaQuZ.s]
  ignore line: [GNU assembler version 2.38 (arm-none-eabi) using BFD version (2.38-3ubuntu1+15build1) 2.38]
  ignore line: [COMPILER_PATH=/usr/lib/gcc/arm-none-eabi/10.3.1/:/usr/lib/gcc/arm-none-eabi/10.3.1/:/usr/lib/gcc/arm-none-eabi/:/usr/lib/gcc/arm-none-eabi/10.3.1/:/usr/lib/gcc/arm-none-eabi/:/usr/lib/gcc/arm-none-eabi/10.3.1/../../../arm-none-eabi/bin/]
  ignore line: [LIBRARY_PATH=/usr/lib/gcc/arm-none-eabi/10.3.1/thumb/v7e-m+fp/hard/:/usr/lib/gcc/arm-none-eabi/10.3.1/../../../arm-none-eabi/lib/thumb/v7e-m+fp/hard/:/usr/lib/gcc/arm-none-eabi/10.3.1/:/usr/lib/gcc/arm-none-eabi/10.3.1/../../../arm-none-eabi/lib/]
  ignore line: [COLLECT_GCC_OPTIONS='-mcpu=cortex-m4' '-mthumb' '-mfpu=fpv4-sp-d16' '-mfloat-abi=hard' '-specs=nano.specs' '-specs=nosys.specs' '-v' '-o' 'CMakeFiles/cmTC_c33a2.dir/CMakeCCompilerABI.c.obj' '-c' '-mlibarch=armv7e-m+fp' '-march=armv7e-m+fp']
  ignore line: [Linking C static library libcmTC_c33a2.a]
  ignore line: [/usr/bin/cmake -P CMakeFiles/cmTC_c33a2.dir/cmake_clean_target.cmake]
  ignore line: [/usr/bin/cmake -E cmake_link_script CMakeFiles/cmTC_c33a2.dir/link.txt --verbose=1]
  ignore line: [/usr/bin/arm-none-eabi-ar qc libcmTC_c33a2.a CMakeFiles/cmTC_c33a2.dir/CMakeCCompilerABI.c.obj]
  ignore line: [/usr/bin/arm-none-eabi-ranlib libcmTC_c33a2.a]
  ignore line: [gmake[1]: Leaving directory '/workspace/OmniBoot/build/CMakeFiles/CMakeTmp']
  ignore line: []
  ignore line: []
  implicit libs: []
  implicit objs: []
  implicit dirs: []
  implicit fwks: []


